[2026-04-02 14:36:08] === CLIF-LungCx-Epi pipeline started ===
[2026-04-02 14:36:08] Site: RUSH
[2026-04-02 14:36:08] Working directory: /home/vchaudha/CLIF-LungCx-Epi
[2026-04-02 14:36:08] Output directory: output/run_RUSH_20260402
[2026-04-02 14:36:08] Log file: output/run_RUSH_20260402/pipeline_RUSH_20260402.log
[2026-04-02 14:36:08] --- Step 0: Checking packages ---
All required packages are already installed.

=== Setup complete. You can now run 01_lungcx_cohort.R ===
[2026-04-02 14:36:10] --- Step 0: Complete ---
[2026-04-02 14:36:10] --- Running full pipeline (01 → 02) ---

Attaching package: ‘jsonlite’

The following object is masked from ‘package:purrr’:

    flatten

Loaded configuration from config.json
Site Name: RUSH 
Tables Path: /home/vchaudha/RUSH_CLIF 
File Type: parquet 
Saved: /home/vchaudha/CLIF-LungCx-Epi/output/run_RUSH_20260402/meta_run_parameters_RUSH_20260402.csv
Loaded tables:  clif_patient, clif_hospitalization, clif_adt, clif_hospital_diagnosis, clif_respiratory_support, clif_labs, clif_vitals, clif_medication_admin_continuous, clif_patient_assessments 
Saved: /home/vchaudha/CLIF-LungCx-Epi/output/run_RUSH_20260402/qc_lung_dx_prefixes_RUSH_20260402.csv

Cohort selection summary:
  Base hospitalizations:         217372
  Lung cancer POA eligible:      7453
  Eligible + ICU:                3718
  Final cohort included:         3718
# A tibble: 1 × 8
  pm25_3y_unique pm25_5y_unique no2_3y_unique no2_5y_unique pm25_3y_missing
           <int>          <int>         <int>         <int>           <int>
1            176            176           176           176               0
# ℹ 3 more variables: pm25_5y_missing <int>, no2_3y_missing <int>,
#   no2_5y_missing <int>

Done. Outputs in: /home/vchaudha/CLIF-LungCx-Epi/output/run_RUSH_20260402
 [>] state coding:
       [alphabet]         [label]            [long label] 
     1  IMV|ARF_HYPER      IMV|ARF_HYPER      IMV|ARF_HYPER
     2  IMV|ARF_HYPOX      IMV|ARF_HYPOX      IMV|ARF_HYPOX
     3  IMV|ARF_MIXED      IMV|ARF_MIXED      IMV|ARF_MIXED
     4  IMV|NO_ARF         IMV|NO_ARF         IMV|NO_ARF
     5  LOW_O2|ARF_HYPER   LOW_O2|ARF_HYPER   LOW_O2|ARF_HYPER
     6  LOW_O2|ARF_HYPOX   LOW_O2|ARF_HYPOX   LOW_O2|ARF_HYPOX
     7  LOW_O2|ARF_MIXED   LOW_O2|ARF_MIXED   LOW_O2|ARF_MIXED
     8  LOW_O2|NO_ARF      LOW_O2|NO_ARF      LOW_O2|NO_ARF
     9  NIV|ARF_HYPER      NIV|ARF_HYPER      NIV|ARF_HYPER
     10  NIV|ARF_HYPOX      NIV|ARF_HYPOX      NIV|ARF_HYPOX
     11  NIV|ARF_MIXED      NIV|ARF_MIXED      NIV|ARF_MIXED
     12  NIV|NO_ARF         NIV|NO_ARF         NIV|NO_ARF
      ... (16 states)
 [>] 3717 sequences in the data set
 [>] min/max sequence length: 73/73
 [>] 3717 sequences with 16 distinct states
 [>] Computing sm with seqcost using  TRATE
 [>] creating substitution-cost matrix using transition rates ...
 [>] computing transition probabilities for states IMV|ARF_HYPER/IMV|ARF_HYPOX/IMV|ARF_MIXED/IMV|NO_ARF/LOW_O2|ARF_HYPER/LOW_O2|ARF_HYPOX/LOW_O2|ARF_MIXED/LOW_O2|NO_ARF/NIV|ARF_HYPER/NIV|ARF_HYPOX/NIV|ARF_MIXED/NIV|NO_ARF/ROOM AIR|ARF_HYPER/ROOM AIR|ARF_HYPOX/ROOM AIR|ARF_MIXED/ROOM AIR|NO_ARF ...
 [>] 2572 distinct  sequences 
 [>] min/max sequence lengths: 73/73
 [>] computing distances using the OM metric
 [>] elapsed time: 28.498 secs
Saved: /home/vchaudha/CLIF-LungCx-Epi/output/run_RUSH_20260402/cluster_silhouette_ra_RUSH_20260402.csv
Saved: /home/vchaudha/CLIF-LungCx-Epi/output/run_RUSH_20260402/cluster_silhouette_ra_RUSH_20260402.png
 [>] number of objects (sum of weights): 1275
 [>] max. distance: 145.99
 [>] neighborhood radius: 14.6
 [>] 1 representative(s) selected, coverage=32% (threshold=25%)
 [>] 890 distinct sequence(s)
 [>] number of objects (sum of weights): 686
 [>] max. distance: 145.99
 [>] neighborhood radius: 14.6
 [>] 1 representative(s) selected, coverage=46% (threshold=25%)
 [>] 459 distinct sequence(s)
 [>] number of objects (sum of weights): 1240
 [>] max. distance: 145.99
 [>] neighborhood radius: 14.6
 [>] 1 representative(s) selected, coverage=49% (threshold=25%)
 [>] 815 distinct sequence(s)
 [>] number of objects (sum of weights): 194
 [>] max. distance: 145.99
 [>] neighborhood radius: 14.6
 [>] 2 representative(s) selected, coverage=32% (threshold=25%)
 [>] 176 distinct sequence(s)
 [>] number of objects (sum of weights): 322
 [>] max. distance: 145.99
 [>] neighborhood radius: 14.6
 [>] 1 representative(s) selected, coverage=43% (threshold=25%)
 [>] 232 distinct sequence(s)
null device 
          1 
null device 
          1 
Processing vitals...
Processing respiratory support...
Processing labs...
Processing GCS scores...
Processing medications...
Combining all components...
Calculating SOFA scores...
Saved: /home/vchaudha/CLIF-LungCx-Epi/output/run_RUSH_20260402/cluster_static_summary_RUSH_20260402.csv
Saved: /home/vchaudha/CLIF-LungCx-Epi/output/run_RUSH_20260402/cluster_centroids_federated_RUSH_20260402.csv
Saved: /home/vchaudha/CLIF-LungCx-Epi/output/run_RUSH_20260402/cluster_signature_rs_hourly_RUSH_20260402.csv
Saved: /home/vchaudha/CLIF-LungCx-Epi/output/run_RUSH_20260402/cluster_signature_arf_hourly_RUSH_20260402.csv
Saved: /home/vchaudha/CLIF-LungCx-Epi/output/run_RUSH_20260402/cluster_sofa_total_boxplot_RUSH_20260402.png
Saved: /home/vchaudha/CLIF-LungCx-Epi/output/run_RUSH_20260402/cluster_sofa_cns_boxplot_RUSH_20260402.png
Saved: /home/vchaudha/CLIF-LungCx-Epi/output/run_RUSH_20260402/cluster_sofa_domain_signature_RUSH_20260402.png
Saved: /home/vchaudha/CLIF-LungCx-Epi/output/run_RUSH_20260402/sig_rs_area_by_cluster_RUSH_20260402.png
Saved: /home/vchaudha/CLIF-LungCx-Epi/output/run_RUSH_20260402/sig_arf_area_by_cluster_RUSH_20260402.png
Saved: /home/vchaudha/CLIF-LungCx-Epi/output/run_RUSH_20260402/sig_timing_cuminc_by_cluster_RUSH_20260402.png
Saved: /home/vchaudha/CLIF-LungCx-Epi/output/run_RUSH_20260402/cluster_severity_rank_RUSH_20260402.csv
# weights:  80 (60 variable)
initial  value 5982.280721 
iter  10 value 4751.472260
iter  20 value 4650.339735
iter  30 value 4497.451243
iter  40 value 4410.008785
iter  50 value 4392.773885
iter  60 value 4391.583364
iter  70 value 4388.788240
iter  80 value 4385.914122
iter  90 value 4385.044153
final  value 4384.714919 
converged
Warning message:
In coxph.fit(X, Y, istrat, offset, init, control, weights = weights,  :
  Loglik converged before variable  9,10,12,13,14 ; coefficient may be infinite. 
Warning message:
In coxph.fit(X, Y, istrat, offset, init, control, weights = weights,  :
  Loglik converged before variable  9,10,12,13,14 ; coefficient may be infinite. 
Warning message:
In sqrt(diag(vc)) : NaNs produced
Saved: /home/vchaudha/CLIF-LungCx-Epi/output/run_RUSH_20260402/model_outputs_standardized_RUSH_20260402.csv
Saved: /home/vchaudha/CLIF-LungCx-Epi/output/run_RUSH_20260402/model_metadata_RUSH_20260402.csv
Saved: /home/vchaudha/CLIF-LungCx-Epi/output/run_RUSH_20260402/mediation_style_decomposition_no2_RUSH_20260402.csv
Saved: /home/vchaudha/CLIF-LungCx-Epi/output/run_RUSH_20260402/mediation_style_decomposition_no2_cluster_RUSH_20260402.csv
Saved: /home/vchaudha/CLIF-LungCx-Epi/output/run_RUSH_20260402/predicted_mortality_by_cluster_pm25_RUSH_20260402.png
Saved: /home/vchaudha/CLIF-LungCx-Epi/output/run_RUSH_20260402/predicted_mortality_by_cluster_no2_RUSH_20260402.png
Saved: /home/vchaudha/CLIF-LungCx-Epi/output/run_RUSH_20260402/contrast_pm25_low_vs_high_by_cluster_RUSH_20260402.csv
Saved: /home/vchaudha/CLIF-LungCx-Epi/output/run_RUSH_20260402/contrast_no2_low_vs_high_by_cluster_RUSH_20260402.csv
Saved: /home/vchaudha/CLIF-LungCx-Epi/output/run_RUSH_20260402/risk_difference_pm25_by_cluster_RUSH_20260402.png
Saved: /home/vchaudha/CLIF-LungCx-Epi/output/run_RUSH_20260402/risk_difference_no2_by_cluster_RUSH_20260402.png
Saved: /home/vchaudha/CLIF-LungCx-Epi/output/run_RUSH_20260402/interaction_pm25_heatmap_RUSH_20260402.png
Saved: /home/vchaudha/CLIF-LungCx-Epi/output/run_RUSH_20260402/severity_distribution_by_no2_quartile_RUSH_20260402.png
Saved: /home/vchaudha/CLIF-LungCx-Epi/output/run_RUSH_20260402/cluster_exposure_mortality_summary_RUSH_20260402.csv
Saved: /home/vchaudha/CLIF-LungCx-Epi/output/run_RUSH_20260402/cluster_gcs_summary_RUSH_20260402.csv
Saved: /home/vchaudha/CLIF-LungCx-Epi/output/run_RUSH_20260402/cluster_neuro_summary_RUSH_20260402.csv
Saved: /home/vchaudha/CLIF-LungCx-Epi/output/run_RUSH_20260402/correlation_exposure_sofa_RUSH_20260402.csv
Saved: /home/vchaudha/CLIF-LungCx-Epi/output/run_RUSH_20260402/federated_export_manifest_RUSH_20260402.csv
Saved: /home/vchaudha/CLIF-LungCx-Epi/output/run_RUSH_20260402/spatial_county_cluster_distribution_RUSH_20260402.csv
Saved: /home/vchaudha/CLIF-LungCx-Epi/output/run_RUSH_20260402/spatial_county_cluster_summary_RUSH_20260402.csv
Saved: /home/vchaudha/CLIF-LungCx-Epi/output/run_RUSH_20260402/map_county_dominant_cluster_RUSH_20260402.png
Saved: /home/vchaudha/CLIF-LungCx-Epi/output/run_RUSH_20260402/map_county_dominant_cluster_prop_RUSH_20260402.png
Saved: /home/vchaudha/CLIF-LungCx-Epi/output/run_RUSH_20260402/map_county_cluster_entropy_RUSH_20260402.png
Saved: /home/vchaudha/CLIF-LungCx-Epi/output/run_RUSH_20260402/map_county_cluster_prevalence_facets_RUSH_20260402.png
Saved: /home/vchaudha/CLIF-LungCx-Epi/output/run_RUSH_20260402/consort_flow_counts_RUSH_20260402.csv
Saved: /home/vchaudha/CLIF-LungCx-Epi/output/run_RUSH_20260402/consort_exclusion_reasons_RUSH_20260402.csv
Saved: /home/vchaudha/CLIF-LungCx-Epi/output/run_RUSH_20260402/table1_overall_continuous_RUSH_20260402.csv
Saved: /home/vchaudha/CLIF-LungCx-Epi/output/run_RUSH_20260402/table1_overall_categorical_RUSH_20260402.csv
Saved: /home/vchaudha/CLIF-LungCx-Epi/output/run_RUSH_20260402/table1_by_cluster_continuous_RUSH_20260402.csv
Saved: /home/vchaudha/CLIF-LungCx-Epi/output/run_RUSH_20260402/table1_by_cluster_categorical_RUSH_20260402.csv
Saved: /home/vchaudha/CLIF-LungCx-Epi/output/run_RUSH_20260402/table1_by_no2_continuous_RUSH_20260402.csv
Saved: /home/vchaudha/CLIF-LungCx-Epi/output/run_RUSH_20260402/table1_by_no2_categorical_RUSH_20260402.csv

Done. All trajectory panels, clustering outputs, standardized model tables, and federated summaries were saved to:
/home/vchaudha/CLIF-LungCx-Epi/output/run_RUSH_20260402

Please upload the output folder to Box.
[2026-04-02 14:49:25] --- Pipeline complete ---
[2026-04-02 14:49:25] === Pipeline finished successfully ===
[2026-04-02 15:48:17] === CLIF-LungCx-Epi pipeline started ===
[2026-04-02 15:48:17] Site: RUSH
[2026-04-02 15:48:17] Working directory: /home/vchaudha/CLIF-LungCx-Epi
[2026-04-02 15:48:17] Output directory: output/run_RUSH_20260402
[2026-04-02 15:48:17] Log file: output/run_RUSH_20260402/pipeline_RUSH_20260402.log
[2026-04-02 15:48:17] --- Step 0: Checking packages ---
All required packages are already installed.

=== Setup complete. You can now run 01_lungcx_cohort.R ===
[2026-04-02 15:48:19] --- Step 0: Complete ---
[2026-04-02 15:48:19] --- Running full pipeline (01 → 02) ---

Attaching package: ‘jsonlite’

The following object is masked from ‘package:purrr’:

    flatten

Loaded configuration from config.json
Site Name: RUSH 
Tables Path: /home/vchaudha/RUSH_CLIF 
File Type: parquet 
Saved: /home/vchaudha/CLIF-LungCx-Epi/output/run_RUSH_20260402/meta_run_parameters_RUSH_20260402.csv
Loaded tables:  clif_patient, clif_hospitalization, clif_adt, clif_hospital_diagnosis, clif_respiratory_support, clif_labs, clif_vitals, clif_medication_admin_continuous, clif_patient_assessments 
Saved: /home/vchaudha/CLIF-LungCx-Epi/output/run_RUSH_20260402/qc_lung_dx_prefixes_RUSH_20260402.csv

Cohort selection summary:
  Base hospitalizations:         217372
  Lung cancer POA eligible:      7453
  Eligible + ICU:                3718
  Final cohort included:         3718
# A tibble: 1 × 8
  pm25_3y_unique pm25_5y_unique no2_3y_unique no2_5y_unique pm25_3y_missing
           <int>          <int>         <int>         <int>           <int>
1            176            176           176           176               0
# ℹ 3 more variables: pm25_5y_missing <int>, no2_3y_missing <int>,
#   no2_5y_missing <int>

Done. Outputs in: /home/vchaudha/CLIF-LungCx-Epi/output/run_RUSH_20260402
 [>] state coding:
       [alphabet]         [label]            [long label] 
     1  IMV|ARF_HYPER      IMV|ARF_HYPER      IMV|ARF_HYPER
     2  IMV|ARF_HYPOX      IMV|ARF_HYPOX      IMV|ARF_HYPOX
     3  IMV|ARF_MIXED      IMV|ARF_MIXED      IMV|ARF_MIXED
     4  IMV|NO_ARF         IMV|NO_ARF         IMV|NO_ARF
     5  LOW_O2|ARF_HYPER   LOW_O2|ARF_HYPER   LOW_O2|ARF_HYPER
     6  LOW_O2|ARF_HYPOX   LOW_O2|ARF_HYPOX   LOW_O2|ARF_HYPOX
     7  LOW_O2|ARF_MIXED   LOW_O2|ARF_MIXED   LOW_O2|ARF_MIXED
     8  LOW_O2|NO_ARF      LOW_O2|NO_ARF      LOW_O2|NO_ARF
     9  NIV|ARF_HYPER      NIV|ARF_HYPER      NIV|ARF_HYPER
     10  NIV|ARF_HYPOX      NIV|ARF_HYPOX      NIV|ARF_HYPOX
     11  NIV|ARF_MIXED      NIV|ARF_MIXED      NIV|ARF_MIXED
     12  NIV|NO_ARF         NIV|NO_ARF         NIV|NO_ARF
      ... (16 states)
 [>] 3717 sequences in the data set
 [>] min/max sequence length: 73/73
 [>] 3717 sequences with 16 distinct states
 [>] Computing sm with seqcost using  TRATE
 [>] creating substitution-cost matrix using transition rates ...
 [>] computing transition probabilities for states IMV|ARF_HYPER/IMV|ARF_HYPOX/IMV|ARF_MIXED/IMV|NO_ARF/LOW_O2|ARF_HYPER/LOW_O2|ARF_HYPOX/LOW_O2|ARF_MIXED/LOW_O2|NO_ARF/NIV|ARF_HYPER/NIV|ARF_HYPOX/NIV|ARF_MIXED/NIV|NO_ARF/ROOM AIR|ARF_HYPER/ROOM AIR|ARF_HYPOX/ROOM AIR|ARF_MIXED/ROOM AIR|NO_ARF ...
 [>] 2572 distinct  sequences 
 [>] min/max sequence lengths: 73/73
 [>] computing distances using the OM metric
 [>] elapsed time: 28.49 secs
Saved: /home/vchaudha/CLIF-LungCx-Epi/output/run_RUSH_20260402/cluster_silhouette_ra_RUSH_20260402.csv
Saved: /home/vchaudha/CLIF-LungCx-Epi/output/run_RUSH_20260402/cluster_silhouette_ra_RUSH_20260402.png
 [>] number of objects (sum of weights): 1275
 [>] max. distance: 145.99
 [>] neighborhood radius: 14.6
 [>] 1 representative(s) selected, coverage=32% (threshold=25%)
 [>] 890 distinct sequence(s)
 [>] number of objects (sum of weights): 686
 [>] max. distance: 145.99
 [>] neighborhood radius: 14.6
 [>] 1 representative(s) selected, coverage=46% (threshold=25%)
 [>] 459 distinct sequence(s)
 [>] number of objects (sum of weights): 1240
 [>] max. distance: 145.99
 [>] neighborhood radius: 14.6
 [>] 1 representative(s) selected, coverage=49% (threshold=25%)
 [>] 815 distinct sequence(s)
 [>] number of objects (sum of weights): 194
 [>] max. distance: 145.99
 [>] neighborhood radius: 14.6
 [>] 2 representative(s) selected, coverage=32% (threshold=25%)
 [>] 176 distinct sequence(s)
 [>] number of objects (sum of weights): 322
 [>] max. distance: 145.99
 [>] neighborhood radius: 14.6
 [>] 1 representative(s) selected, coverage=43% (threshold=25%)
 [>] 232 distinct sequence(s)
null device 
          1 
null device 
          1 
Processing vitals...
Processing respiratory support...
Processing labs...
Processing GCS scores...
Processing medications...
Combining all components...
Calculating SOFA scores...
Saved: /home/vchaudha/CLIF-LungCx-Epi/output/run_RUSH_20260402/cluster_static_summary_RUSH_20260402.csv
Saved: /home/vchaudha/CLIF-LungCx-Epi/output/run_RUSH_20260402/cluster_centroids_federated_RUSH_20260402.csv
Saved: /home/vchaudha/CLIF-LungCx-Epi/output/run_RUSH_20260402/cluster_signature_rs_hourly_RUSH_20260402.csv
Saved: /home/vchaudha/CLIF-LungCx-Epi/output/run_RUSH_20260402/cluster_signature_arf_hourly_RUSH_20260402.csv
Saved: /home/vchaudha/CLIF-LungCx-Epi/output/run_RUSH_20260402/cluster_sofa_total_boxplot_RUSH_20260402.png
Saved: /home/vchaudha/CLIF-LungCx-Epi/output/run_RUSH_20260402/cluster_sofa_cns_boxplot_RUSH_20260402.png
Saved: /home/vchaudha/CLIF-LungCx-Epi/output/run_RUSH_20260402/cluster_sofa_domain_signature_RUSH_20260402.png
Saved: /home/vchaudha/CLIF-LungCx-Epi/output/run_RUSH_20260402/sig_rs_area_by_cluster_RUSH_20260402.png
Saved: /home/vchaudha/CLIF-LungCx-Epi/output/run_RUSH_20260402/sig_arf_area_by_cluster_RUSH_20260402.png
Saved: /home/vchaudha/CLIF-LungCx-Epi/output/run_RUSH_20260402/sig_timing_cuminc_by_cluster_RUSH_20260402.png
Saved: /home/vchaudha/CLIF-LungCx-Epi/output/run_RUSH_20260402/cluster_severity_rank_RUSH_20260402.csv
# weights:  75 (56 variable)
initial  value 5982.280721 
iter  10 value 5423.242044
iter  20 value 5359.445101
iter  30 value 5170.887048
iter  40 value 5129.168924
iter  50 value 5121.124113
iter  60 value 5120.360780
iter  70 value 5114.541048
iter  80 value 5114.428427
final  value 5113.695303 
converged
Warning message:
In coxph.fit(X, Y, istrat, offset, init, control, weights = weights,  :
  Loglik converged before variable  9,10,12,13,14 ; coefficient may be infinite. 
Warning message:
In coxph.fit(X, Y, istrat, offset, init, control, weights = weights,  :
  Loglik converged before variable  9,10,12,13,14 ; coefficient may be infinite. 
Warning message:
In sqrt(diag(vc)) : NaNs produced
Saved: /home/vchaudha/CLIF-LungCx-Epi/output/run_RUSH_20260402/model_outputs_standardized_RUSH_20260402.csv
Saved: /home/vchaudha/CLIF-LungCx-Epi/output/run_RUSH_20260402/model_metadata_RUSH_20260402.csv
Saved: /home/vchaudha/CLIF-LungCx-Epi/output/run_RUSH_20260402/mediation_style_decomposition_no2_RUSH_20260402.csv
Saved: /home/vchaudha/CLIF-LungCx-Epi/output/run_RUSH_20260402/mediation_style_decomposition_no2_cluster_RUSH_20260402.csv
Saved: /home/vchaudha/CLIF-LungCx-Epi/output/run_RUSH_20260402/predicted_mortality_by_cluster_pm25_RUSH_20260402.png
Saved: /home/vchaudha/CLIF-LungCx-Epi/output/run_RUSH_20260402/predicted_mortality_by_cluster_no2_RUSH_20260402.png
Saved: /home/vchaudha/CLIF-LungCx-Epi/output/run_RUSH_20260402/contrast_pm25_low_vs_high_by_cluster_RUSH_20260402.csv
Saved: /home/vchaudha/CLIF-LungCx-Epi/output/run_RUSH_20260402/contrast_no2_low_vs_high_by_cluster_RUSH_20260402.csv
Saved: /home/vchaudha/CLIF-LungCx-Epi/output/run_RUSH_20260402/risk_difference_pm25_by_cluster_RUSH_20260402.png
Saved: /home/vchaudha/CLIF-LungCx-Epi/output/run_RUSH_20260402/risk_difference_no2_by_cluster_RUSH_20260402.png
Saved: /home/vchaudha/CLIF-LungCx-Epi/output/run_RUSH_20260402/interaction_pm25_heatmap_RUSH_20260402.png
Saved: /home/vchaudha/CLIF-LungCx-Epi/output/run_RUSH_20260402/severity_distribution_by_no2_quartile_RUSH_20260402.png
Saved: /home/vchaudha/CLIF-LungCx-Epi/output/run_RUSH_20260402/cluster_exposure_mortality_summary_RUSH_20260402.csv
Saved: /home/vchaudha/CLIF-LungCx-Epi/output/run_RUSH_20260402/cluster_gcs_summary_RUSH_20260402.csv
Saved: /home/vchaudha/CLIF-LungCx-Epi/output/run_RUSH_20260402/cluster_neuro_summary_RUSH_20260402.csv
Saved: /home/vchaudha/CLIF-LungCx-Epi/output/run_RUSH_20260402/correlation_exposure_sofa_RUSH_20260402.csv
Saved: /home/vchaudha/CLIF-LungCx-Epi/output/run_RUSH_20260402/federated_export_manifest_RUSH_20260402.csv
Saved: /home/vchaudha/CLIF-LungCx-Epi/output/run_RUSH_20260402/spatial_county_cluster_distribution_RUSH_20260402.csv
Saved: /home/vchaudha/CLIF-LungCx-Epi/output/run_RUSH_20260402/spatial_county_cluster_summary_RUSH_20260402.csv
Saved: /home/vchaudha/CLIF-LungCx-Epi/output/run_RUSH_20260402/map_county_dominant_cluster_RUSH_20260402.png
Saved: /home/vchaudha/CLIF-LungCx-Epi/output/run_RUSH_20260402/map_county_dominant_cluster_prop_RUSH_20260402.png
Saved: /home/vchaudha/CLIF-LungCx-Epi/output/run_RUSH_20260402/map_county_cluster_entropy_RUSH_20260402.png
Saved: /home/vchaudha/CLIF-LungCx-Epi/output/run_RUSH_20260402/map_county_cluster_prevalence_facets_RUSH_20260402.png
Saved: /home/vchaudha/CLIF-LungCx-Epi/output/run_RUSH_20260402/consort_flow_counts_RUSH_20260402.csv
Saved: /home/vchaudha/CLIF-LungCx-Epi/output/run_RUSH_20260402/consort_exclusion_reasons_RUSH_20260402.csv
Saved: /home/vchaudha/CLIF-LungCx-Epi/output/run_RUSH_20260402/table1_overall_continuous_RUSH_20260402.csv
Saved: /home/vchaudha/CLIF-LungCx-Epi/output/run_RUSH_20260402/table1_overall_categorical_RUSH_20260402.csv
Saved: /home/vchaudha/CLIF-LungCx-Epi/output/run_RUSH_20260402/table1_by_cluster_continuous_RUSH_20260402.csv
Saved: /home/vchaudha/CLIF-LungCx-Epi/output/run_RUSH_20260402/table1_by_cluster_categorical_RUSH_20260402.csv
Saved: /home/vchaudha/CLIF-LungCx-Epi/output/run_RUSH_20260402/table1_by_no2_continuous_RUSH_20260402.csv
Saved: /home/vchaudha/CLIF-LungCx-Epi/output/run_RUSH_20260402/table1_by_no2_categorical_RUSH_20260402.csv

Done. All trajectory panels, clustering outputs, standardized model tables, and federated summaries were saved to:
/home/vchaudha/CLIF-LungCx-Epi/output/run_RUSH_20260402

Please upload the output folder to Box.
[2026-04-02 16:01:32] --- Pipeline complete ---
[2026-04-02 16:01:32] === Pipeline finished successfully ===
